10-05-2017 @ 11:07:16 - setup_guest_customers: Process started for 418 items.
10-05-2017 @ 11:09:25 - setup_registered_customers: Process started for 311 items.
10-05-2017 @ 11:40:04 - setup_registered_customers: Process completed.
10-05-2017 @ 11:48:32 - setup_guest_customers: Process completed.
10-06-2017 @ 10:24:16 - abandoned_carts: Process started for 1 items.
10-06-2017 @ 10:24:21 - abandoned_carts: Process completed.
10-06-2017 @ 13:58:16 - abandoned_carts: Process started for 1 items.
10-06-2017 @ 13:58:21 - abandoned_carts: Process completed.
10-06-2017 @ 15:45:16 - abandoned_carts: Process started for 1 items.
10-06-2017 @ 15:45:21 - abandoned_carts: Process completed.
10-06-2017 @ 16:10:16 - abandoned_carts: Process started for 1 items.
10-06-2017 @ 16:10:21 - abandoned_carts: Process completed.
10-07-2017 @ 07:00:16 - abandoned_carts: Process started for 1 items.
10-07-2017 @ 07:00:21 - abandoned_carts: Process completed.
10-09-2017 @ 09:30:17 - abandoned_carts: Process started for 1 items.
10-09-2017 @ 09:30:21 - abandoned_carts: Process completed.
10-10-2017 @ 12:49:16 - abandoned_carts: Process started for 1 items.
10-10-2017 @ 12:49:21 - abandoned_carts: Process completed.
10-10-2017 @ 16:30:16 - abandoned_carts: Process started for 1 items.
10-10-2017 @ 16:30:21 - abandoned_carts: Process completed.
10-11-2017 @ 12:13:16 - abandoned_carts: Process started for 1 items.
10-11-2017 @ 12:13:21 - abandoned_carts: Process completed.
10-11-2017 @ 13:06:16 - abandoned_carts: Process started for 1 items.
10-11-2017 @ 13:06:21 - abandoned_carts: Process completed.
10-12-2017 @ 11:43:09 - abandoned_carts: Process started for 1 items.
10-12-2017 @ 11:43:14 - abandoned_carts: Process completed.
10-12-2017 @ 16:16:16 - abandoned_carts: Process started for 1 items.
10-12-2017 @ 16:16:21 - abandoned_carts: Process completed.
10-12-2017 @ 16:21:16 - abandoned_carts: Process started for 1 items.
10-12-2017 @ 16:21:21 - abandoned_carts: Process completed.
10-13-2017 @ 16:12:01 - abandoned_carts: Process started for 1 items.
10-13-2017 @ 16:12:06 - abandoned_carts: Process completed.
10-15-2017 @ 22:54:46 - abandoned_carts: Process started for 1 items.
10-15-2017 @ 22:54:50 - abandoned_carts: Process completed.
10-16-2017 @ 07:01:16 - abandoned_carts: Process started for 1 items.
10-16-2017 @ 07:01:21 - abandoned_carts: Process completed.
10-16-2017 @ 16:29:39 - abandoned_carts: Process started for 1 items.
10-16-2017 @ 16:29:44 - abandoned_carts: Process completed.
10-16-2017 @ 21:12:16 - abandoned_carts: Process started for 1 items.
10-16-2017 @ 21:12:21 - abandoned_carts: Process completed.
10-17-2017 @ 10:41:47 - abandoned_carts: Process started for 1 items.
10-17-2017 @ 10:41:52 - abandoned_carts: Process completed.
10-17-2017 @ 11:06:45 - abandoned_carts: Process started for 1 items.
10-17-2017 @ 11:06:50 - abandoned_carts: Process completed.
10-18-2017 @ 18:54:16 - abandoned_carts: Process started for 1 items.
10-18-2017 @ 18:54:21 - abandoned_carts: Process completed.
10-19-2017 @ 10:06:16 - abandoned_carts: Process started for 1 items.
10-19-2017 @ 10:06:21 - abandoned_carts: Process completed.
10-19-2017 @ 14:36:16 - abandoned_carts: Process started for 1 items.
10-19-2017 @ 14:36:21 - abandoned_carts: Process completed.
10-24-2017 @ 10:18:16 - abandoned_carts: Process started for 1 items.
10-24-2017 @ 10:18:21 - abandoned_carts: Process completed.
10-24-2017 @ 11:00:16 - abandoned_carts: Process started for 1 items.
10-24-2017 @ 11:00:21 - abandoned_carts: Process completed.
10-24-2017 @ 12:36:16 - abandoned_carts: Process started for 1 items.
10-24-2017 @ 12:36:21 - abandoned_carts: Process completed.
10-25-2017 @ 13:33:16 - abandoned_carts: Process started for 1 items.
10-25-2017 @ 13:33:21 - abandoned_carts: Process completed.
10-25-2017 @ 14:23:39 - abandoned_carts: Process started for 2 items.
10-25-2017 @ 14:23:49 - abandoned_carts: Process completed.
10-25-2017 @ 15:12:16 - abandoned_carts: Process started for 1 items.
10-25-2017 @ 15:12:21 - abandoned_carts: Process completed.
10-26-2017 @ 11:48:30 - abandoned_carts: Process started for 1 items.
10-26-2017 @ 11:48:35 - abandoned_carts: Process completed.
10-27-2017 @ 08:19:16 - abandoned_carts: Process started for 1 items.
10-27-2017 @ 08:19:21 - abandoned_carts: Process completed.
10-27-2017 @ 11:46:16 - abandoned_carts: Process started for 1 items.
10-27-2017 @ 11:46:21 - abandoned_carts: Process completed.
10-27-2017 @ 12:04:16 - abandoned_carts: Process started for 1 items.
10-27-2017 @ 12:04:21 - abandoned_carts: Process completed.
10-27-2017 @ 12:37:16 - abandoned_carts: Process started for 1 items.
10-27-2017 @ 12:37:21 - abandoned_carts: Process completed.
10-30-2017 @ 08:48:16 - abandoned_carts: Process started for 1 items.
10-30-2017 @ 08:48:21 - abandoned_carts: Process completed.
10-30-2017 @ 09:48:04 - abandoned_carts: Process started for 1 items.
10-30-2017 @ 09:48:09 - abandoned_carts: Process completed.
10-30-2017 @ 14:06:16 - abandoned_carts: Process started for 1 items.
10-30-2017 @ 14:06:21 - abandoned_carts: Process completed.
10-31-2017 @ 10:37:16 - abandoned_carts: Process started for 1 items.
10-31-2017 @ 10:37:21 - abandoned_carts: Process completed.
10-31-2017 @ 11:00:16 - abandoned_carts: Process started for 1 items.
10-31-2017 @ 11:00:21 - abandoned_carts: Process completed.
10-31-2017 @ 11:06:16 - abandoned_carts: Process started for 2 items.
10-31-2017 @ 11:06:27 - abandoned_carts: Process completed.
11-01-2017 @ 11:12:09 - abandoned_carts: Process started for 1 items.
11-01-2017 @ 11:12:14 - abandoned_carts: Process completed.
11-01-2017 @ 12:25:16 - abandoned_carts: Process started for 1 items.
11-01-2017 @ 12:25:21 - abandoned_carts: Process completed.
11-01-2017 @ 13:18:16 - abandoned_carts: Process started for 1 items.
11-01-2017 @ 13:18:21 - abandoned_carts: Process completed.
11-01-2017 @ 14:36:04 - abandoned_carts: Process started for 1 items.
11-01-2017 @ 14:36:09 - abandoned_carts: Process completed.
11-01-2017 @ 15:54:16 - abandoned_carts: Process started for 1 items.
11-01-2017 @ 15:54:21 - abandoned_carts: Process completed.
11-02-2017 @ 15:24:16 - abandoned_carts: Process started for 1 items.
11-02-2017 @ 15:24:21 - abandoned_carts: Process completed.
11-02-2017 @ 16:48:08 - abandoned_carts: Process started for 1 items.
11-02-2017 @ 16:48:13 - abandoned_carts: Process completed.
11-02-2017 @ 22:23:46 - abandoned_carts: Process started for 1 items.
11-02-2017 @ 22:23:51 - abandoned_carts: Process completed.
11-05-2017 @ 10:15:16 - abandoned_carts: Process started for 1 items.
11-05-2017 @ 10:15:21 - abandoned_carts: Process completed.
11-06-2017 @ 07:30:16 - abandoned_carts: Process started for 1 items.
11-06-2017 @ 07:30:21 - abandoned_carts: Process completed.
11-06-2017 @ 08:43:16 - abandoned_carts: Process started for 1 items.
11-06-2017 @ 08:43:21 - abandoned_carts: Process completed.
11-06-2017 @ 08:48:16 - abandoned_carts: Process started for 1 items.
11-06-2017 @ 08:48:21 - abandoned_carts: Process completed.
11-06-2017 @ 09:42:16 - abandoned_carts: Process started for 1 items.
11-06-2017 @ 09:42:21 - abandoned_carts: Process completed.
11-06-2017 @ 10:03:16 - abandoned_carts: Process started for 1 items.
11-06-2017 @ 10:03:21 - abandoned_carts: Process completed.
11-06-2017 @ 11:18:16 - abandoned_carts: Process started for 1 items.
11-06-2017 @ 11:18:21 - abandoned_carts: Process completed.
11-06-2017 @ 12:30:16 - abandoned_carts: Process started for 1 items.
11-06-2017 @ 12:30:21 - abandoned_carts: Process completed.
11-06-2017 @ 14:36:16 - abandoned_carts: Process started for 1 items.
11-06-2017 @ 14:36:21 - abandoned_carts: Process completed.
11-07-2017 @ 16:21:47 - abandoned_carts: Process started for 1 items.
11-07-2017 @ 16:21:52 - abandoned_carts: Process completed.
11-08-2017 @ 15:42:16 - abandoned_carts: Process started for 1 items.
11-08-2017 @ 15:42:21 - abandoned_carts: Process completed.
11-08-2017 @ 16:23:41 - abandoned_carts: Process started for 1 items.
11-08-2017 @ 16:23:45 - abandoned_carts: Process completed.
11-08-2017 @ 20:06:16 - abandoned_carts: Process started for 1 items.
11-08-2017 @ 20:06:21 - abandoned_carts: Process completed.
11-09-2017 @ 10:59:43 - abandoned_carts: Process started for 1 items.
11-09-2017 @ 10:59:48 - abandoned_carts: Process completed.
11-09-2017 @ 14:29:49 - abandoned_carts: Process started for 1 items.
11-09-2017 @ 14:29:54 - abandoned_carts: Process completed.
11-09-2017 @ 15:11:56 - abandoned_carts: Process started for 1 items.
11-09-2017 @ 15:12:01 - abandoned_carts: Process completed.
11-10-2017 @ 07:10:16 - abandoned_carts: Process started for 2 items.
11-10-2017 @ 07:10:27 - abandoned_carts: Process completed.
11-10-2017 @ 08:30:19 - abandoned_carts: Process started for 1 items.
11-10-2017 @ 08:30:24 - abandoned_carts: Process completed.
11-10-2017 @ 08:52:30 - abandoned_carts: Process started for 1 items.
11-10-2017 @ 08:52:35 - abandoned_carts: Process completed.
11-10-2017 @ 09:48:16 - abandoned_carts: Process started for 1 items.
11-10-2017 @ 09:48:21 - abandoned_carts: Process completed.
11-13-2017 @ 12:29:16 - abandoned_carts: Process started for 1 items.
11-13-2017 @ 12:29:21 - abandoned_carts: Process completed.
11-13-2017 @ 20:13:16 - abandoned_carts: Process started for 1 items.
11-13-2017 @ 20:13:21 - abandoned_carts: Process completed.
11-14-2017 @ 15:41:56 - abandoned_carts: Process started for 1 items.
11-14-2017 @ 15:42:02 - abandoned_carts: Process completed.
11-14-2017 @ 15:48:16 - abandoned_carts: Process started for 1 items.
11-14-2017 @ 15:48:21 - abandoned_carts: Process completed.
11-14-2017 @ 19:16:16 - abandoned_carts: Process started for 1 items.
11-14-2017 @ 19:16:21 - abandoned_carts: Process completed.
11-15-2017 @ 09:55:16 - abandoned_carts: Process started for 1 items.
11-15-2017 @ 09:55:21 - abandoned_carts: Process completed.
11-15-2017 @ 10:47:38 - abandoned_carts: Process started for 1 items.
11-15-2017 @ 10:47:43 - abandoned_carts: Process completed.
11-15-2017 @ 11:12:17 - abandoned_carts: Process started for 1 items.
11-15-2017 @ 11:12:22 - abandoned_carts: Process completed.
11-17-2017 @ 14:39:16 - abandoned_carts: Process started for 1 items.
11-17-2017 @ 14:39:21 - abandoned_carts: Process completed.
11-17-2017 @ 18:19:16 - abandoned_carts: Process started for 1 items.
11-17-2017 @ 18:19:21 - abandoned_carts: Process completed.
11-20-2017 @ 09:00:16 - abandoned_carts: Process started for 1 items.
11-20-2017 @ 09:00:21 - abandoned_carts: Process completed.
11-21-2017 @ 09:04:16 - abandoned_carts: Process started for 1 items.
11-21-2017 @ 09:04:21 - abandoned_carts: Process completed.
11-21-2017 @ 10:59:42 - abandoned_carts: Process started for 2 items.
11-21-2017 @ 10:59:53 - abandoned_carts: Process completed.
11-22-2017 @ 15:24:16 - abandoned_carts: Process started for 1 items.
11-22-2017 @ 15:24:21 - abandoned_carts: Process completed.
11-22-2017 @ 17:12:16 - abandoned_carts: Process started for 1 items.
11-22-2017 @ 17:12:21 - abandoned_carts: Process completed.
11-23-2017 @ 09:06:16 - abandoned_carts: Process started for 1 items.
11-23-2017 @ 09:06:21 - abandoned_carts: Process completed.
11-23-2017 @ 09:12:16 - abandoned_carts: Process started for 1 items.
11-23-2017 @ 09:12:21 - abandoned_carts: Process completed.
11-23-2017 @ 11:41:56 - abandoned_carts: Process started for 1 items.
11-23-2017 @ 11:42:01 - abandoned_carts: Process completed.
11-23-2017 @ 11:54:09 - abandoned_carts: Process started for 1 items.
11-23-2017 @ 11:54:13 - abandoned_carts: Process completed.
11-23-2017 @ 14:12:16 - abandoned_carts: Process started for 1 items.
11-23-2017 @ 14:12:21 - abandoned_carts: Process completed.
11-23-2017 @ 17:00:16 - abandoned_carts: Process started for 1 items.
11-23-2017 @ 17:00:21 - abandoned_carts: Process completed.
11-23-2017 @ 18:18:16 - abandoned_carts: Process started for 1 items.
11-23-2017 @ 18:18:21 - abandoned_carts: Process completed.
11-24-2017 @ 09:18:16 - abandoned_carts: Process started for 1 items.
11-24-2017 @ 09:18:21 - abandoned_carts: Process completed.
11-24-2017 @ 10:00:16 - abandoned_carts: Process started for 1 items.
11-24-2017 @ 10:00:22 - abandoned_carts: Process completed.
11-24-2017 @ 12:25:16 - abandoned_carts: Process started for 1 items.
11-24-2017 @ 12:25:21 - abandoned_carts: Process completed.
11-24-2017 @ 13:18:16 - abandoned_carts: Process started for 1 items.
11-24-2017 @ 13:18:21 - abandoned_carts: Process completed.
11-25-2017 @ 11:18:16 - abandoned_carts: Process started for 1 items.
11-25-2017 @ 11:18:21 - abandoned_carts: Process completed.
11-26-2017 @ 23:30:16 - abandoned_carts: Process started for 1 items.
11-26-2017 @ 23:30:21 - abandoned_carts: Process completed.
11-27-2017 @ 12:06:01 - abandoned_carts: Process started for 1 items.
11-27-2017 @ 12:06:06 - abandoned_carts: Process completed.
11-27-2017 @ 13:06:16 - abandoned_carts: Process started for 1 items.
11-27-2017 @ 13:06:21 - abandoned_carts: Process completed.
11-27-2017 @ 13:18:16 - abandoned_carts: Process started for 1 items.
11-27-2017 @ 13:18:21 - abandoned_carts: Process completed.
11-27-2017 @ 14:40:16 - abandoned_carts: Process started for 1 items.
11-27-2017 @ 14:40:21 - abandoned_carts: Process completed.
11-29-2017 @ 08:48:16 - abandoned_carts: Process started for 1 items.
11-29-2017 @ 08:48:21 - abandoned_carts: Process completed.
11-29-2017 @ 09:27:16 - abandoned_carts: Process started for 1 items.
11-29-2017 @ 09:27:21 - abandoned_carts: Process completed.
11-29-2017 @ 12:30:16 - abandoned_carts: Process started for 1 items.
11-29-2017 @ 12:30:21 - abandoned_carts: Process completed.
11-30-2017 @ 09:06:36 - abandoned_carts: Process started for 1 items.
11-30-2017 @ 09:06:41 - abandoned_carts: Process completed.
12-01-2017 @ 09:30:18 - abandoned_carts: Process started for 1 items.
12-01-2017 @ 09:30:23 - abandoned_carts: Process completed.
12-01-2017 @ 09:48:24 - abandoned_carts: Process started for 1 items.
12-01-2017 @ 09:48:29 - abandoned_carts: Process completed.
12-01-2017 @ 12:06:22 - abandoned_carts: Process started for 1 items.
12-01-2017 @ 12:06:27 - abandoned_carts: Process completed.
12-01-2017 @ 13:28:10 - abandoned_carts: Process started for 1 items.
12-01-2017 @ 13:28:15 - abandoned_carts: Process completed.
12-01-2017 @ 13:43:16 - abandoned_carts: Process started for 1 items.
12-01-2017 @ 13:43:21 - abandoned_carts: Process completed.
12-01-2017 @ 13:47:44 - abandoned_carts: Process started for 1 items.
12-01-2017 @ 13:47:49 - abandoned_carts: Process completed.
12-01-2017 @ 16:36:16 - abandoned_carts: Process started for 1 items.
12-01-2017 @ 16:36:21 - abandoned_carts: Process completed.
12-03-2017 @ 21:36:16 - abandoned_carts: Process started for 1 items.
12-03-2017 @ 21:36:21 - abandoned_carts: Process completed.
12-04-2017 @ 09:06:16 - abandoned_carts: Process started for 1 items.
12-04-2017 @ 09:06:21 - abandoned_carts: Process completed.
12-04-2017 @ 09:42:16 - abandoned_carts: Process started for 1 items.
12-04-2017 @ 09:42:21 - abandoned_carts: Process completed.
12-04-2017 @ 12:24:16 - abandoned_carts: Process started for 1 items.
12-04-2017 @ 12:24:21 - abandoned_carts: Process completed.
12-05-2017 @ 13:18:16 - abandoned_carts: Process started for 1 items.
12-05-2017 @ 13:18:21 - abandoned_carts: Process completed.
12-06-2017 @ 17:07:16 - abandoned_carts: Process started for 1 items.
12-06-2017 @ 17:07:21 - abandoned_carts: Process completed.
12-06-2017 @ 17:55:16 - abandoned_carts: Process started for 1 items.
12-06-2017 @ 17:55:21 - abandoned_carts: Process completed.
12-06-2017 @ 21:24:16 - abandoned_carts: Process started for 1 items.
12-06-2017 @ 21:24:21 - abandoned_carts: Process completed.
12-07-2017 @ 12:30:09 - abandoned_carts: Process started for 1 items.
12-07-2017 @ 12:30:14 - abandoned_carts: Process completed.
12-07-2017 @ 16:18:16 - abandoned_carts: Process started for 1 items.
12-07-2017 @ 16:18:21 - abandoned_carts: Process completed.
12-08-2017 @ 12:53:47 - abandoned_carts: Process started for 1 items.
12-08-2017 @ 12:53:52 - abandoned_carts: Process completed.
12-08-2017 @ 20:00:16 - abandoned_carts: Process started for 1 items.
12-08-2017 @ 20:00:21 - abandoned_carts: Process completed.
12-11-2017 @ 08:41:44 - abandoned_carts: Process started for 1 items.
12-11-2017 @ 08:41:49 - abandoned_carts: Process completed.
12-11-2017 @ 10:10:16 - abandoned_carts: Process started for 1 items.
12-11-2017 @ 10:10:21 - abandoned_carts: Process completed.
12-11-2017 @ 13:47:53 - abandoned_carts: Process started for 1 items.
12-11-2017 @ 13:47:58 - abandoned_carts: Process completed.
12-12-2017 @ 09:28:16 - abandoned_carts: Process started for 1 items.
12-12-2017 @ 09:28:21 - abandoned_carts: Process completed.
12-12-2017 @ 10:04:16 - abandoned_carts: Process started for 1 items.
12-12-2017 @ 10:04:21 - abandoned_carts: Process completed.
12-13-2017 @ 18:48:16 - abandoned_carts: Process started for 1 items.
12-13-2017 @ 18:48:21 - abandoned_carts: Process completed.
01-01-2018 @ 19:17:35 - abandoned_carts: Process started for 1 items.
01-01-2018 @ 19:17:40 - abandoned_carts: Process completed.
01-01-2018 @ 22:57:16 - abandoned_carts: Process started for 1 items.
01-01-2018 @ 22:57:21 - abandoned_carts: Process completed.
01-01-2018 @ 23:01:16 - abandoned_carts: Process started for 1 items.
01-01-2018 @ 23:01:21 - abandoned_carts: Process completed.
01-02-2018 @ 07:54:16 - abandoned_carts: Process started for 1 items.
01-02-2018 @ 07:54:21 - abandoned_carts: Process completed.
01-02-2018 @ 08:59:52 - abandoned_carts: Process started for 1 items.
01-02-2018 @ 08:59:57 - abandoned_carts: Process completed.
01-02-2018 @ 13:42:23 - abandoned_carts: Process started for 1 items.
01-02-2018 @ 13:42:28 - abandoned_carts: Process completed.
01-02-2018 @ 16:36:16 - abandoned_carts: Process started for 1 items.
01-02-2018 @ 16:36:21 - abandoned_carts: Process completed.
01-02-2018 @ 17:06:16 - abandoned_carts: Process started for 1 items.
01-02-2018 @ 17:06:21 - abandoned_carts: Process completed.
01-03-2018 @ 17:22:01 - abandoned_carts: Process started for 1 items.
01-03-2018 @ 17:22:06 - abandoned_carts: Process completed.
01-03-2018 @ 18:18:16 - abandoned_carts: Process started for 1 items.
01-03-2018 @ 18:18:21 - abandoned_carts: Process completed.
01-03-2018 @ 20:18:16 - abandoned_carts: Process started for 1 items.
01-03-2018 @ 20:18:21 - abandoned_carts: Process completed.
01-05-2018 @ 13:17:42 - abandoned_carts: Process started for 1 items.
01-05-2018 @ 13:17:47 - abandoned_carts: Process completed.
01-05-2018 @ 14:49:16 - abandoned_carts: Process started for 1 items.
01-05-2018 @ 14:49:21 - abandoned_carts: Process completed.
01-08-2018 @ 09:33:50 - abandoned_carts: Process started for 1 items.
01-08-2018 @ 09:33:55 - abandoned_carts: Process completed.
01-08-2018 @ 09:59:38 - abandoned_carts: Process started for 1 items.
01-08-2018 @ 09:59:43 - abandoned_carts: Process completed.
01-08-2018 @ 15:53:34 - abandoned_carts: Process started for 1 items.
01-08-2018 @ 15:53:39 - abandoned_carts: Process completed.
01-08-2018 @ 17:30:16 - abandoned_carts: Process started for 1 items.
01-08-2018 @ 17:30:21 - abandoned_carts: Process completed.
01-08-2018 @ 18:00:16 - abandoned_carts: Process started for 1 items.
01-08-2018 @ 18:00:21 - abandoned_carts: Process completed.
01-08-2018 @ 23:36:16 - abandoned_carts: Process started for 1 items.
01-08-2018 @ 23:36:21 - abandoned_carts: Process completed.
01-10-2018 @ 09:39:16 - abandoned_carts: Process started for 1 items.
01-10-2018 @ 09:39:21 - abandoned_carts: Process completed.
01-11-2018 @ 13:42:19 - abandoned_carts: Process started for 1 items.
01-11-2018 @ 13:42:24 - abandoned_carts: Process completed.
01-15-2018 @ 07:24:27 - abandoned_carts: Process started for 1 items.
01-15-2018 @ 07:24:32 - abandoned_carts: Process completed.
01-15-2018 @ 23:00:16 - abandoned_carts: Process started for 1 items.
01-15-2018 @ 23:00:21 - abandoned_carts: Process completed.
01-16-2018 @ 11:48:16 - abandoned_carts: Process started for 1 items.
01-16-2018 @ 11:48:21 - abandoned_carts: Process completed.
01-17-2018 @ 08:43:16 - abandoned_carts: Process started for 1 items.
01-17-2018 @ 08:43:21 - abandoned_carts: Process completed.
01-17-2018 @ 11:54:50 - abandoned_carts: Process started for 1 items.
01-17-2018 @ 11:54:55 - abandoned_carts: Process completed.
01-17-2018 @ 12:28:16 - abandoned_carts: Process started for 1 items.
01-17-2018 @ 12:28:21 - abandoned_carts: Process completed.
01-17-2018 @ 17:06:16 - abandoned_carts: Process started for 1 items.
01-17-2018 @ 17:06:21 - abandoned_carts: Process completed.
01-17-2018 @ 21:06:16 - abandoned_carts: Process started for 1 items.
01-17-2018 @ 21:06:21 - abandoned_carts: Process completed.
01-17-2018 @ 21:12:47 - abandoned_carts: Process started for 1 items.
01-17-2018 @ 21:12:52 - abandoned_carts: Process completed.
01-17-2018 @ 21:17:45 - abandoned_carts: Process started for 1 items.
01-17-2018 @ 21:17:50 - abandoned_carts: Process completed.
01-19-2018 @ 12:17:58 - abandoned_carts: Process started for 1 items.
01-19-2018 @ 12:18:03 - abandoned_carts: Process completed.
01-19-2018 @ 12:24:02 - abandoned_carts: Process started for 1 items.
01-19-2018 @ 12:24:07 - abandoned_carts: Process completed.
01-19-2018 @ 13:15:16 - abandoned_carts: Process started for 1 items.
01-19-2018 @ 13:15:21 - abandoned_carts: Process completed.
01-19-2018 @ 13:48:16 - abandoned_carts: Process started for 2 items.
01-19-2018 @ 13:48:27 - abandoned_carts: Process completed.
01-19-2018 @ 14:09:16 - abandoned_carts: Process started for 1 items.
01-19-2018 @ 14:09:21 - abandoned_carts: Process completed.
01-22-2018 @ 11:06:03 - abandoned_carts: Process started for 1 items.
01-22-2018 @ 11:06:08 - abandoned_carts: Process completed.
01-22-2018 @ 11:12:16 - abandoned_carts: Process started for 1 items.
01-22-2018 @ 11:12:21 - abandoned_carts: Process completed.
01-22-2018 @ 11:41:57 - abandoned_carts: Process started for 1 items.
01-22-2018 @ 11:42:01 - abandoned_carts: Process completed.
01-22-2018 @ 13:06:16 - abandoned_carts: Process started for 1 items.
01-22-2018 @ 13:06:21 - abandoned_carts: Process completed.
01-23-2018 @ 11:30:16 - abandoned_carts: Process started for 1 items.
01-23-2018 @ 11:30:21 - abandoned_carts: Process completed.
01-23-2018 @ 11:59:49 - abandoned_carts: Process started for 1 items.
01-23-2018 @ 11:59:54 - abandoned_carts: Process completed.
01-23-2018 @ 12:36:30 - abandoned_carts: Process started for 1 items.
01-23-2018 @ 12:36:35 - abandoned_carts: Process completed.
01-23-2018 @ 21:24:16 - abandoned_carts: Process started for 1 items.
01-23-2018 @ 21:24:21 - abandoned_carts: Process completed.
01-24-2018 @ 10:54:16 - abandoned_carts: Process started for 1 items.
01-24-2018 @ 10:54:21 - abandoned_carts: Process completed.
01-24-2018 @ 11:27:16 - abandoned_carts: Process started for 1 items.
01-24-2018 @ 11:27:21 - abandoned_carts: Process completed.
01-24-2018 @ 16:06:29 - abandoned_carts: Process started for 1 items.
01-24-2018 @ 16:06:34 - abandoned_carts: Process completed.
01-24-2018 @ 16:27:16 - abandoned_carts: Process started for 1 items.
01-24-2018 @ 16:27:21 - abandoned_carts: Process completed.
01-25-2018 @ 08:48:24 - abandoned_carts: Process started for 1 items.
01-25-2018 @ 08:48:29 - abandoned_carts: Process completed.
01-29-2018 @ 10:59:49 - abandoned_carts: Process started for 1 items.
01-29-2018 @ 10:59:53 - abandoned_carts: Process completed.
01-29-2018 @ 12:11:42 - abandoned_carts: Process started for 1 items.
01-29-2018 @ 12:11:47 - abandoned_carts: Process completed.
01-29-2018 @ 12:28:16 - abandoned_carts: Process started for 1 items.
01-29-2018 @ 12:28:21 - abandoned_carts: Process completed.
01-29-2018 @ 12:57:16 - abandoned_carts: Process started for 1 items.
01-29-2018 @ 12:57:21 - abandoned_carts: Process completed.
01-30-2018 @ 10:48:08 - abandoned_carts: Process started for 1 items.
01-30-2018 @ 10:48:12 - abandoned_carts: Process completed.
01-30-2018 @ 16:48:16 - abandoned_carts: Process started for 1 items.
01-30-2018 @ 16:48:21 - abandoned_carts: Process completed.
02-01-2018 @ 14:47:34 - abandoned_carts: Process started for 1 items.
02-01-2018 @ 14:47:39 - abandoned_carts: Process completed.
02-02-2018 @ 11:29:45 - abandoned_carts: Process started for 1 items.
02-02-2018 @ 11:29:50 - abandoned_carts: Process completed.
02-02-2018 @ 17:29:49 - abandoned_carts: Process started for 1 items.
02-02-2018 @ 17:29:54 - abandoned_carts: Process completed.
02-04-2018 @ 21:42:16 - abandoned_carts: Process started for 1 items.
02-04-2018 @ 21:42:21 - abandoned_carts: Process completed.
02-05-2018 @ 12:24:17 - abandoned_carts: Process started for 1 items.
02-05-2018 @ 12:24:21 - abandoned_carts: Process completed.
02-05-2018 @ 14:27:16 - abandoned_carts: Process started for 1 items.
02-05-2018 @ 14:27:21 - abandoned_carts: Process completed.
02-07-2018 @ 08:48:16 - abandoned_carts: Process started for 1 items.
02-07-2018 @ 08:48:21 - abandoned_carts: Process completed.
02-08-2018 @ 11:24:16 - abandoned_carts: Process started for 1 items.
02-08-2018 @ 11:24:21 - abandoned_carts: Process completed.
02-09-2018 @ 08:53:59 - abandoned_carts: Process started for 1 items.
02-09-2018 @ 08:54:04 - abandoned_carts: Process completed.
02-09-2018 @ 14:19:16 - abandoned_carts: Process started for 1 items.
02-09-2018 @ 14:19:21 - abandoned_carts: Process completed.
02-13-2018 @ 13:30:16 - abandoned_carts: Process started for 2 items.
02-13-2018 @ 13:30:28 - abandoned_carts: Process completed.
02-15-2018 @ 09:21:15 - abandoned_carts: Process started for 1 items.
02-15-2018 @ 09:21:20 - abandoned_carts: Process completed.
02-15-2018 @ 10:48:16 - abandoned_carts: Process started for 1 items.
02-15-2018 @ 10:48:21 - abandoned_carts: Process completed.
02-18-2018 @ 19:45:14 - abandoned_carts: Process started for 1 items.
02-18-2018 @ 19:45:19 - abandoned_carts: Process completed.
02-18-2018 @ 20:41:48 - abandoned_carts: Process started for 1 items.
02-18-2018 @ 20:41:53 - abandoned_carts: Process completed.
02-19-2018 @ 11:05:51 - abandoned_carts: Process started for 1 items.
02-19-2018 @ 11:05:56 - abandoned_carts: Process completed.
02-19-2018 @ 11:17:37 - abandoned_carts: Process started for 1 items.
02-19-2018 @ 11:17:42 - abandoned_carts: Process completed.
02-19-2018 @ 11:30:01 - abandoned_carts: Process started for 1 items.
02-19-2018 @ 11:30:06 - abandoned_carts: Process completed.
02-20-2018 @ 09:04:16 - abandoned_carts: Process started for 1 items.
02-20-2018 @ 09:04:21 - abandoned_carts: Process completed.
02-20-2018 @ 09:15:16 - abandoned_carts: Process started for 1 items.
02-20-2018 @ 09:15:21 - abandoned_carts: Process completed.
02-20-2018 @ 09:41:39 - abandoned_carts: Process started for 1 items.
02-20-2018 @ 09:41:44 - abandoned_carts: Process completed.
02-20-2018 @ 09:53:54 - abandoned_carts: Process started for 1 items.
02-20-2018 @ 09:53:59 - abandoned_carts: Process completed.
02-20-2018 @ 10:05:57 - abandoned_carts: Process started for 1 items.
02-20-2018 @ 10:06:02 - abandoned_carts: Process completed.
02-20-2018 @ 10:31:37 - abandoned_carts: Process started for 1 items.
02-20-2018 @ 10:31:42 - abandoned_carts: Process completed.
02-20-2018 @ 10:36:16 - abandoned_carts: Process started for 1 items.
02-20-2018 @ 10:36:21 - abandoned_carts: Process completed.
02-20-2018 @ 11:11:55 - abandoned_carts: Process started for 1 items.
02-20-2018 @ 11:11:59 - abandoned_carts: Process completed.
02-20-2018 @ 11:18:16 - abandoned_carts: Process started for 1 items.
02-20-2018 @ 11:18:21 - abandoned_carts: Process completed.
02-20-2018 @ 11:47:35 - abandoned_carts: Process started for 1 items.
02-20-2018 @ 11:47:40 - abandoned_carts: Process completed.
02-20-2018 @ 12:18:16 - abandoned_carts: Process started for 1 items.
02-20-2018 @ 12:18:21 - abandoned_carts: Process completed.
02-20-2018 @ 12:48:21 - abandoned_carts: Process started for 1 items.
02-20-2018 @ 12:48:26 - abandoned_carts: Process completed.
02-20-2018 @ 13:25:16 - abandoned_carts: Process started for 1 items.
02-20-2018 @ 13:25:21 - abandoned_carts: Process completed.
02-21-2018 @ 15:18:17 - abandoned_carts: Process started for 1 items.
02-21-2018 @ 15:18:22 - abandoned_carts: Process completed.
02-21-2018 @ 16:12:16 - abandoned_carts: Process started for 1 items.
02-21-2018 @ 16:12:21 - abandoned_carts: Process completed.
02-22-2018 @ 00:06:16 - abandoned_carts: Process started for 1 items.
02-22-2018 @ 00:06:21 - abandoned_carts: Process completed.
02-22-2018 @ 11:06:16 - abandoned_carts: Process started for 1 items.
02-22-2018 @ 11:06:21 - abandoned_carts: Process completed.
02-22-2018 @ 12:53:41 - abandoned_carts: Process started for 1 items.
02-22-2018 @ 12:53:46 - abandoned_carts: Process completed.
02-22-2018 @ 13:11:46 - abandoned_carts: Process started for 1 items.
02-22-2018 @ 13:11:51 - abandoned_carts: Process completed.
02-22-2018 @ 15:23:51 - abandoned_carts: Process started for 1 items.
02-22-2018 @ 15:23:56 - abandoned_carts: Process completed.
02-22-2018 @ 15:55:16 - abandoned_carts: Process started for 1 items.
02-22-2018 @ 15:55:21 - abandoned_carts: Process completed.
02-22-2018 @ 16:36:16 - abandoned_carts: Process started for 1 items.
02-22-2018 @ 16:36:21 - abandoned_carts: Process completed.
02-22-2018 @ 22:05:56 - abandoned_carts: Process started for 1 items.
02-22-2018 @ 22:06:01 - abandoned_carts: Process completed.
02-23-2018 @ 09:49:16 - abandoned_carts: Process started for 1 items.
02-23-2018 @ 09:49:21 - abandoned_carts: Process completed.
02-23-2018 @ 12:45:16 - abandoned_carts: Process started for 1 items.
02-23-2018 @ 12:45:21 - abandoned_carts: Process completed.
02-23-2018 @ 13:53:45 - abandoned_carts: Process started for 1 items.
02-23-2018 @ 13:53:50 - abandoned_carts: Process completed.
02-23-2018 @ 14:33:16 - abandoned_carts: Process started for 1 items.
02-23-2018 @ 14:33:21 - abandoned_carts: Process completed.
02-23-2018 @ 15:05:37 - abandoned_carts: Process started for 1 items.
02-23-2018 @ 15:05:42 - abandoned_carts: Process completed.
02-26-2018 @ 10:30:16 - abandoned_carts: Process started for 1 items.
02-26-2018 @ 10:30:21 - abandoned_carts: Process completed.
02-26-2018 @ 10:55:16 - abandoned_carts: Process started for 1 items.
02-26-2018 @ 10:55:21 - abandoned_carts: Process completed.
02-26-2018 @ 11:06:16 - abandoned_carts: Process started for 1 items.
02-26-2018 @ 11:06:21 - abandoned_carts: Process completed.
02-27-2018 @ 14:28:16 - abandoned_carts: Process started for 1 items.
02-27-2018 @ 14:28:21 - abandoned_carts: Process completed.
02-28-2018 @ 10:54:16 - abandoned_carts: Process started for 1 items.
02-28-2018 @ 10:54:21 - abandoned_carts: Process completed.
02-28-2018 @ 12:30:16 - abandoned_carts: Process started for 1 items.
02-28-2018 @ 12:30:21 - abandoned_carts: Process completed.
02-28-2018 @ 19:34:16 - abandoned_carts: Process started for 1 items.
02-28-2018 @ 19:34:21 - abandoned_carts: Process completed.
03-01-2018 @ 07:40:16 - abandoned_carts: Process started for 1 items.
03-01-2018 @ 07:40:21 - abandoned_carts: Process completed.
03-01-2018 @ 10:54:16 - abandoned_carts: Process started for 1 items.
03-01-2018 @ 10:54:21 - abandoned_carts: Process completed.
03-04-2018 @ 11:54:19 - abandoned_carts: Process started for 1 items.
03-04-2018 @ 11:54:24 - abandoned_carts: Process completed.
03-04-2018 @ 19:23:56 - abandoned_carts: Process started for 1 items.
03-04-2018 @ 19:24:01 - abandoned_carts: Process completed.
03-05-2018 @ 10:58:16 - abandoned_carts: Process started for 1 items.
03-05-2018 @ 10:58:21 - abandoned_carts: Process completed.
03-06-2018 @ 11:17:46 - abandoned_carts: Process started for 1 items.
03-06-2018 @ 11:17:51 - abandoned_carts: Process completed.
03-07-2018 @ 13:00:15 - abandoned_carts: Process started for 1 items.
03-07-2018 @ 13:00:20 - abandoned_carts: Process completed.
03-07-2018 @ 16:42:16 - abandoned_carts: Process started for 1 items.
03-07-2018 @ 16:42:21 - abandoned_carts: Process completed.
03-07-2018 @ 17:30:16 - abandoned_carts: Process started for 1 items.
03-07-2018 @ 17:30:21 - abandoned_carts: Process completed.
03-09-2018 @ 12:17:54 - abandoned_carts: Process started for 1 items.
03-09-2018 @ 12:17:59 - abandoned_carts: Process completed.
03-09-2018 @ 12:36:16 - abandoned_carts: Process started for 1 items.
03-09-2018 @ 12:36:21 - abandoned_carts: Process completed.
03-09-2018 @ 12:42:09 - abandoned_carts: Process started for 1 items.
03-09-2018 @ 12:42:13 - abandoned_carts: Process completed.
03-09-2018 @ 15:34:16 - abandoned_carts: Process started for 1 items.
03-09-2018 @ 15:34:21 - abandoned_carts: Process completed.
03-12-2018 @ 08:53:57 - abandoned_carts: Process started for 1 items.
03-12-2018 @ 08:54:02 - abandoned_carts: Process completed.
03-12-2018 @ 10:18:09 - abandoned_carts: Process started for 1 items.
03-12-2018 @ 10:18:15 - abandoned_carts: Process completed.
03-12-2018 @ 13:28:16 - abandoned_carts: Process started for 1 items.
03-12-2018 @ 13:28:21 - abandoned_carts: Process completed.
03-13-2018 @ 13:18:16 - abandoned_carts: Process started for 1 items.
03-13-2018 @ 13:18:21 - abandoned_carts: Process completed.
03-14-2018 @ 12:53:54 - abandoned_carts: Process started for 1 items.
03-14-2018 @ 12:53:59 - abandoned_carts: Process completed.
03-14-2018 @ 13:13:16 - abandoned_carts: Process started for 1 items.
03-14-2018 @ 13:13:21 - abandoned_carts: Process completed.
03-15-2018 @ 18:37:16 - abandoned_carts: Process started for 1 items.
03-15-2018 @ 18:37:22 - abandoned_carts: Process completed.
03-16-2018 @ 12:18:16 - abandoned_carts: Process started for 1 items.
03-16-2018 @ 12:18:21 - abandoned_carts: Process completed.
03-16-2018 @ 13:24:17 - abandoned_carts: Process started for 1 items.
03-16-2018 @ 13:24:22 - abandoned_carts: Process completed.
03-19-2018 @ 09:12:16 - abandoned_carts: Process started for 1 items.
03-19-2018 @ 09:12:21 - abandoned_carts: Process completed.
03-19-2018 @ 14:18:53 - abandoned_carts: Process started for 1 items.
03-19-2018 @ 14:18:57 - abandoned_carts: Process completed.
03-19-2018 @ 17:54:16 - abandoned_carts: Process started for 1 items.
03-19-2018 @ 17:54:21 - abandoned_carts: Process completed.
03-20-2018 @ 18:13:16 - abandoned_carts: Process started for 1 items.
03-20-2018 @ 18:13:21 - abandoned_carts: Process completed.
03-23-2018 @ 19:58:16 - abandoned_carts: Process started for 1 items.
03-23-2018 @ 19:58:21 - abandoned_carts: Process completed.
03-23-2018 @ 20:49:16 - abandoned_carts: Process started for 1 items.
03-23-2018 @ 20:49:21 - abandoned_carts: Process completed.
03-25-2018 @ 11:54:16 - abandoned_carts: Process started for 1 items.
03-25-2018 @ 11:54:21 - abandoned_carts: Process completed.
03-25-2018 @ 22:25:16 - abandoned_carts: Process started for 1 items.
03-25-2018 @ 22:25:21 - abandoned_carts: Process completed.
03-26-2018 @ 09:41:41 - abandoned_carts: Process started for 1 items.
03-26-2018 @ 09:41:46 - abandoned_carts: Process completed.
03-26-2018 @ 12:55:16 - abandoned_carts: Process started for 1 items.
03-26-2018 @ 12:55:21 - abandoned_carts: Process completed.
03-26-2018 @ 21:42:16 - abandoned_carts: Process started for 1 items.
03-26-2018 @ 21:42:21 - abandoned_carts: Process completed.
03-29-2018 @ 13:12:16 - abandoned_carts: Process started for 1 items.
03-29-2018 @ 13:12:21 - abandoned_carts: Process completed.
04-03-2018 @ 08:49:16 - abandoned_carts: Process started for 1 items.
04-03-2018 @ 08:49:21 - abandoned_carts: Process completed.
04-03-2018 @ 12:22:16 - abandoned_carts: Process started for 1 items.
04-03-2018 @ 12:22:21 - abandoned_carts: Process completed.
04-04-2018 @ 08:52:16 - abandoned_carts: Process started for 1 items.
04-04-2018 @ 08:52:21 - abandoned_carts: Process completed.
04-06-2018 @ 08:59:57 - abandoned_carts: Process started for 1 items.
04-06-2018 @ 09:00:02 - abandoned_carts: Process completed.
04-08-2018 @ 21:49:16 - abandoned_carts: Process started for 1 items.
04-08-2018 @ 21:49:21 - abandoned_carts: Process completed.
04-08-2018 @ 22:16:16 - abandoned_carts: Process started for 1 items.
04-08-2018 @ 22:16:21 - abandoned_carts: Process completed.
04-09-2018 @ 10:35:47 - abandoned_carts: Process started for 1 items.
04-09-2018 @ 10:35:52 - abandoned_carts: Process completed.
04-09-2018 @ 10:53:49 - abandoned_carts: Process started for 1 items.
04-09-2018 @ 10:53:54 - abandoned_carts: Process completed.
04-09-2018 @ 11:16:16 - abandoned_carts: Process started for 1 items.
04-09-2018 @ 11:16:21 - abandoned_carts: Process completed.
04-09-2018 @ 16:12:16 - abandoned_carts: Process started for 1 items.
04-09-2018 @ 16:12:21 - abandoned_carts: Process completed.
04-10-2018 @ 10:42:27 - abandoned_carts: Process started for 2 items.
04-10-2018 @ 10:42:38 - abandoned_carts: Process completed.
04-11-2018 @ 10:25:16 - abandoned_carts: Process started for 1 items.
04-11-2018 @ 10:25:21 - abandoned_carts: Process completed.
04-11-2018 @ 10:31:16 - abandoned_carts: Process started for 1 items.
04-11-2018 @ 10:31:21 - abandoned_carts: Process completed.
04-11-2018 @ 15:53:34 - abandoned_carts: Process started for 1 items.
04-11-2018 @ 15:53:39 - abandoned_carts: Process completed.
04-12-2018 @ 10:35:41 - abandoned_carts: Process started for 1 items.
04-12-2018 @ 10:35:46 - abandoned_carts: Process completed.
04-13-2018 @ 09:36:16 - abandoned_carts: Process started for 1 items.
04-13-2018 @ 09:36:21 - abandoned_carts: Process completed.
04-13-2018 @ 09:52:16 - abandoned_carts: Process started for 1 items.
04-13-2018 @ 09:52:21 - abandoned_carts: Process completed.
04-13-2018 @ 10:43:16 - abandoned_carts: Process started for 1 items.
04-13-2018 @ 10:43:21 - abandoned_carts: Process completed.
04-16-2018 @ 15:00:16 - abandoned_carts: Process started for 1 items.
04-16-2018 @ 15:00:21 - abandoned_carts: Process completed.
04-16-2018 @ 15:30:16 - abandoned_carts: Process started for 1 items.
04-16-2018 @ 15:30:21 - abandoned_carts: Process completed.
04-18-2018 @ 10:47:50 - abandoned_carts: Process started for 1 items.
04-18-2018 @ 10:47:55 - abandoned_carts: Process completed.
04-18-2018 @ 21:00:16 - abandoned_carts: Process started for 1 items.
04-18-2018 @ 21:00:21 - abandoned_carts: Process completed.
04-19-2018 @ 12:00:16 - abandoned_carts: Process started for 2 items.
04-19-2018 @ 12:00:28 - abandoned_carts: Process completed.
04-20-2018 @ 12:00:16 - abandoned_carts: Process started for 1 items.
04-20-2018 @ 12:00:21 - abandoned_carts: Process completed.
04-20-2018 @ 13:17:39 - abandoned_carts: Process started for 1 items.
04-20-2018 @ 13:17:44 - abandoned_carts: Process completed.
04-20-2018 @ 13:42:19 - abandoned_carts: Process started for 1 items.
04-20-2018 @ 13:42:24 - abandoned_carts: Process completed.
04-20-2018 @ 16:19:16 - abandoned_carts: Process started for 1 items.
04-20-2018 @ 16:19:21 - abandoned_carts: Process completed.
04-20-2018 @ 20:00:16 - abandoned_carts: Process started for 1 items.
04-20-2018 @ 20:00:21 - abandoned_carts: Process completed.
04-22-2018 @ 10:35:59 - abandoned_carts: Process started for 1 items.
04-22-2018 @ 10:36:04 - abandoned_carts: Process completed.
04-23-2018 @ 13:15:16 - abandoned_carts: Process started for 1 items.
04-23-2018 @ 13:15:21 - abandoned_carts: Process completed.
04-24-2018 @ 13:36:16 - abandoned_carts: Process started for 1 items.
04-24-2018 @ 13:36:21 - abandoned_carts: Process completed.
04-24-2018 @ 19:12:16 - abandoned_carts: Process started for 1 items.
04-24-2018 @ 19:12:21 - abandoned_carts: Process completed.
04-25-2018 @ 09:21:16 - abandoned_carts: Process started for 1 items.
04-25-2018 @ 09:21:21 - abandoned_carts: Process completed.
04-25-2018 @ 17:49:16 - abandoned_carts: Process started for 1 items.
04-25-2018 @ 17:49:21 - abandoned_carts: Process completed.
04-26-2018 @ 12:15:16 - abandoned_carts: Process started for 1 items.
04-26-2018 @ 12:15:21 - abandoned_carts: Process completed.
05-01-2018 @ 08:30:16 - abandoned_carts: Process started for 1 items.
05-01-2018 @ 08:30:21 - abandoned_carts: Process completed.
05-01-2018 @ 12:48:52 - abandoned_carts: Process started for 1 items.
05-01-2018 @ 12:48:57 - abandoned_carts: Process completed.
05-01-2018 @ 14:28:16 - abandoned_carts: Process started for 1 items.
05-01-2018 @ 14:28:21 - abandoned_carts: Process completed.
05-01-2018 @ 14:33:16 - abandoned_carts: Process started for 1 items.
05-01-2018 @ 14:33:21 - abandoned_carts: Process completed.
05-01-2018 @ 15:47:52 - abandoned_carts: Process started for 1 items.
05-01-2018 @ 15:47:57 - abandoned_carts: Process completed.
05-01-2018 @ 22:49:16 - abandoned_carts: Process started for 1 items.
05-01-2018 @ 22:49:21 - abandoned_carts: Process completed.
05-02-2018 @ 09:17:52 - abandoned_carts: Process started for 1 items.
05-02-2018 @ 09:17:56 - abandoned_carts: Process completed.
05-02-2018 @ 09:24:16 - abandoned_carts: Process started for 2 items.
05-02-2018 @ 09:24:27 - abandoned_carts: Process completed.
05-03-2018 @ 10:18:16 - abandoned_carts: Process started for 1 items.
05-03-2018 @ 10:18:21 - abandoned_carts: Process completed.
05-03-2018 @ 11:18:16 - abandoned_carts: Process started for 1 items.
05-03-2018 @ 11:18:21 - abandoned_carts: Process completed.
05-03-2018 @ 13:00:16 - abandoned_carts: Process started for 1 items.
05-03-2018 @ 13:00:21 - abandoned_carts: Process completed.
05-04-2018 @ 09:41:42 - abandoned_carts: Process started for 1 items.
05-04-2018 @ 09:41:47 - abandoned_carts: Process completed.
05-04-2018 @ 12:49:16 - abandoned_carts: Process started for 1 items.
05-04-2018 @ 12:49:21 - abandoned_carts: Process completed.
05-08-2018 @ 09:06:16 - abandoned_carts: Process started for 1 items.
05-08-2018 @ 09:06:21 - abandoned_carts: Process completed.
05-08-2018 @ 17:36:16 - abandoned_carts: Process started for 1 items.
05-08-2018 @ 17:36:21 - abandoned_carts: Process completed.
05-09-2018 @ 15:54:16 - abandoned_carts: Process started for 1 items.
05-09-2018 @ 15:54:21 - abandoned_carts: Process completed.
05-10-2018 @ 13:43:16 - abandoned_carts: Process started for 1 items.
05-10-2018 @ 13:43:21 - abandoned_carts: Process completed.
05-11-2018 @ 11:40:16 - abandoned_carts: Process started for 1 items.
05-11-2018 @ 11:40:21 - abandoned_carts: Process completed.
05-11-2018 @ 13:18:16 - abandoned_carts: Process started for 1 items.
05-11-2018 @ 13:18:21 - abandoned_carts: Process completed.
05-11-2018 @ 14:06:16 - abandoned_carts: Process started for 1 items.
05-11-2018 @ 14:06:21 - abandoned_carts: Process completed.
05-14-2018 @ 09:55:16 - abandoned_carts: Process started for 1 items.
05-14-2018 @ 09:55:21 - abandoned_carts: Process completed.
05-14-2018 @ 11:31:16 - abandoned_carts: Process started for 1 items.
05-14-2018 @ 11:31:21 - abandoned_carts: Process completed.
05-14-2018 @ 12:05:55 - abandoned_carts: Process started for 1 items.
05-14-2018 @ 12:05:59 - abandoned_carts: Process completed.
05-14-2018 @ 15:54:16 - abandoned_carts: Process started for 1 items.
05-14-2018 @ 15:54:21 - abandoned_carts: Process completed.
05-15-2018 @ 08:18:16 - abandoned_carts: Process started for 1 items.
05-15-2018 @ 08:18:21 - abandoned_carts: Process completed.
05-15-2018 @ 10:00:16 - abandoned_carts: Process started for 1 items.
05-15-2018 @ 10:00:21 - abandoned_carts: Process completed.
05-15-2018 @ 10:42:16 - abandoned_carts: Process started for 1 items.
05-15-2018 @ 10:42:21 - abandoned_carts: Process completed.
05-16-2018 @ 11:54:16 - abandoned_carts: Process started for 1 items.
05-16-2018 @ 11:54:21 - abandoned_carts: Process completed.
05-17-2018 @ 09:57:17 - abandoned_carts: Process started for 1 items.
05-17-2018 @ 09:57:22 - abandoned_carts: Process completed.
05-17-2018 @ 11:45:16 - abandoned_carts: Process started for 1 items.
05-17-2018 @ 11:45:21 - abandoned_carts: Process completed.
05-17-2018 @ 17:12:16 - abandoned_carts: Process started for 1 items.
05-17-2018 @ 17:12:21 - abandoned_carts: Process completed.
05-21-2018 @ 09:54:17 - abandoned_carts: Process started for 1 items.
05-21-2018 @ 09:54:22 - abandoned_carts: Process completed.
05-21-2018 @ 10:59:53 - abandoned_carts: Process started for 1 items.
05-21-2018 @ 10:59:58 - abandoned_carts: Process completed.
05-22-2018 @ 11:01:16 - abandoned_carts: Process started for 1 items.
05-22-2018 @ 11:01:21 - abandoned_carts: Process completed.
05-22-2018 @ 17:04:16 - abandoned_carts: Process started for 1 items.
05-22-2018 @ 17:04:21 - abandoned_carts: Process completed.
05-23-2018 @ 11:48:16 - abandoned_carts: Process started for 1 items.
05-23-2018 @ 11:48:21 - abandoned_carts: Process completed.
05-23-2018 @ 15:12:17 - abandoned_carts: Process started for 1 items.
05-23-2018 @ 15:12:22 - abandoned_carts: Process completed.
05-23-2018 @ 15:37:16 - abandoned_carts: Process started for 1 items.
05-23-2018 @ 15:37:21 - abandoned_carts: Process completed.
05-24-2018 @ 08:12:17 - abandoned_carts: Process started for 1 items.
05-24-2018 @ 08:12:22 - abandoned_carts: Process completed.
05-24-2018 @ 10:49:16 - abandoned_carts: Process started for 1 items.
05-24-2018 @ 10:49:21 - abandoned_carts: Process completed.
05-24-2018 @ 12:42:16 - abandoned_carts: Process started for 1 items.
05-24-2018 @ 12:42:21 - abandoned_carts: Process completed.
05-24-2018 @ 13:12:17 - abandoned_carts: Process started for 1 items.
05-24-2018 @ 13:12:22 - abandoned_carts: Process completed.
05-24-2018 @ 13:36:16 - abandoned_carts: Process started for 1 items.
05-24-2018 @ 13:36:21 - abandoned_carts: Process completed.
05-24-2018 @ 17:24:18 - abandoned_carts: Process started for 1 items.
05-24-2018 @ 17:24:23 - abandoned_carts: Process completed.
05-25-2018 @ 14:24:16 - abandoned_carts: Process started for 1 items.
05-25-2018 @ 14:24:21 - abandoned_carts: Process completed.
05-25-2018 @ 16:18:08 - abandoned_carts: Process started for 1 items.
05-25-2018 @ 16:18:13 - abandoned_carts: Process completed.
05-28-2018 @ 13:55:16 - abandoned_carts: Process started for 1 items.
05-28-2018 @ 13:55:21 - abandoned_carts: Process completed.
05-28-2018 @ 16:39:16 - abandoned_carts: Process started for 1 items.
05-28-2018 @ 16:39:21 - abandoned_carts: Process completed.
05-28-2018 @ 20:47:41 - abandoned_carts: Process started for 1 items.
05-28-2018 @ 20:47:45 - abandoned_carts: Process completed.
05-29-2018 @ 12:30:16 - abandoned_carts: Process started for 1 items.
05-29-2018 @ 12:30:21 - abandoned_carts: Process completed.
05-29-2018 @ 14:51:16 - abandoned_carts: Process started for 1 items.
05-29-2018 @ 14:51:21 - abandoned_carts: Process completed.
05-29-2018 @ 17:54:16 - abandoned_carts: Process started for 1 items.
05-29-2018 @ 17:54:21 - abandoned_carts: Process completed.
05-30-2018 @ 14:39:16 - abandoned_carts: Process started for 1 items.
05-30-2018 @ 14:39:21 - abandoned_carts: Process completed.
05-30-2018 @ 23:12:17 - abandoned_carts: Process started for 1 items.
05-30-2018 @ 23:12:22 - abandoned_carts: Process completed.
05-31-2018 @ 10:42:17 - abandoned_carts: Process started for 1 items.
05-31-2018 @ 10:42:22 - abandoned_carts: Process completed.
05-31-2018 @ 11:12:17 - abandoned_carts: Process started for 1 items.
05-31-2018 @ 11:12:22 - abandoned_carts: Process completed.
06-03-2018 @ 17:36:00 - abandoned_carts: Process started for 1 items.
06-03-2018 @ 17:36:05 - abandoned_carts: Process completed.
06-04-2018 @ 11:27:16 - abandoned_carts: Process started for 1 items.
06-04-2018 @ 11:27:21 - abandoned_carts: Process completed.
06-05-2018 @ 10:00:16 - abandoned_carts: Process started for 1 items.
06-05-2018 @ 10:00:21 - abandoned_carts: Process completed.
06-05-2018 @ 12:31:16 - abandoned_carts: Process started for 1 items.
06-05-2018 @ 12:31:21 - abandoned_carts: Process completed.
06-05-2018 @ 13:18:03 - abandoned_carts: Process started for 1 items.
06-05-2018 @ 13:18:08 - abandoned_carts: Process completed.
06-05-2018 @ 15:19:16 - abandoned_carts: Process started for 1 items.
06-05-2018 @ 15:19:21 - abandoned_carts: Process completed.
06-06-2018 @ 11:09:16 - abandoned_carts: Process started for 1 items.
06-06-2018 @ 11:09:21 - abandoned_carts: Process completed.
06-06-2018 @ 17:30:56 - abandoned_carts: Process started for 1 items.
06-06-2018 @ 17:31:01 - abandoned_carts: Process completed.
06-07-2018 @ 13:01:17 - abandoned_carts: Process started for 1 items.
06-07-2018 @ 13:01:22 - abandoned_carts: Process completed.
06-08-2018 @ 12:35:50 - abandoned_carts: Process started for 1 items.
06-08-2018 @ 12:35:56 - abandoned_carts: Process completed.
06-08-2018 @ 16:59:44 - abandoned_carts: Process started for 1 items.
06-08-2018 @ 16:59:49 - abandoned_carts: Process completed.
06-11-2018 @ 10:13:16 - abandoned_carts: Process started for 2 items.
06-11-2018 @ 10:13:28 - abandoned_carts: Process completed.
06-11-2018 @ 12:21:16 - abandoned_carts: Process started for 1 items.
06-11-2018 @ 12:21:21 - abandoned_carts: Process completed.
06-11-2018 @ 17:00:05 - abandoned_carts: Process started for 1 items.
06-11-2018 @ 17:00:10 - abandoned_carts: Process completed.
06-13-2018 @ 18:10:16 - abandoned_carts: Process started for 1 items.
06-13-2018 @ 18:10:21 - abandoned_carts: Process completed.
06-15-2018 @ 12:09:16 - abandoned_carts: Process started for 1 items.
06-15-2018 @ 12:09:21 - abandoned_carts: Process completed.
06-15-2018 @ 12:13:16 - abandoned_carts: Process started for 1 items.
06-15-2018 @ 12:13:21 - abandoned_carts: Process completed.
06-15-2018 @ 12:18:26 - abandoned_carts: Process started for 1 items.
06-15-2018 @ 12:18:31 - abandoned_carts: Process completed.
06-15-2018 @ 15:07:16 - abandoned_carts: Process started for 1 items.
06-15-2018 @ 15:07:21 - abandoned_carts: Process completed.
06-18-2018 @ 08:40:16 - abandoned_carts: Process started for 1 items.
06-18-2018 @ 08:40:21 - abandoned_carts: Process completed.
06-18-2018 @ 10:57:16 - abandoned_carts: Process started for 1 items.
06-18-2018 @ 10:57:21 - abandoned_carts: Process completed.
06-18-2018 @ 11:51:16 - abandoned_carts: Process started for 1 items.
06-18-2018 @ 11:51:21 - abandoned_carts: Process completed.
06-19-2018 @ 08:03:18 - abandoned_carts: Process started for 1 items.
06-19-2018 @ 08:03:23 - abandoned_carts: Process completed.
06-19-2018 @ 11:41:39 - abandoned_carts: Process started for 1 items.
06-19-2018 @ 11:41:44 - abandoned_carts: Process completed.
06-20-2018 @ 13:29:52 - abandoned_carts: Process started for 1 items.
06-20-2018 @ 13:29:57 - abandoned_carts: Process completed.
06-20-2018 @ 13:41:44 - abandoned_carts: Process started for 1 items.
06-20-2018 @ 13:41:50 - abandoned_carts: Process completed.
06-20-2018 @ 14:00:12 - abandoned_carts: Process started for 1 items.
06-20-2018 @ 14:00:17 - abandoned_carts: Process completed.
06-20-2018 @ 14:12:28 - abandoned_carts: Process started for 1 items.
06-20-2018 @ 14:12:33 - abandoned_carts: Process completed.
06-20-2018 @ 15:25:16 - abandoned_carts: Process started for 1 items.
06-20-2018 @ 15:25:21 - abandoned_carts: Process completed.
06-21-2018 @ 12:30:16 - abandoned_carts: Process started for 1 items.
06-21-2018 @ 12:30:21 - abandoned_carts: Process completed.
06-21-2018 @ 12:35:36 - abandoned_carts: Process started for 1 items.
06-21-2018 @ 12:35:42 - abandoned_carts: Process completed.
06-22-2018 @ 10:23:34 - abandoned_carts: Process started for 1 items.
06-22-2018 @ 10:23:39 - abandoned_carts: Process completed.
06-22-2018 @ 10:29:34 - abandoned_carts: Process started for 1 items.
06-22-2018 @ 10:29:38 - abandoned_carts: Process completed.
06-22-2018 @ 15:01:16 - abandoned_carts: Process started for 1 items.
06-22-2018 @ 15:01:21 - abandoned_carts: Process completed.
06-22-2018 @ 16:36:16 - abandoned_carts: Process started for 1 items.
06-22-2018 @ 16:36:21 - abandoned_carts: Process completed.
06-22-2018 @ 19:29:39 - referrals_invite_emails: Process completed.
06-22-2018 @ 20:47:39 - abandoned_carts: Process started for 1 items.
06-22-2018 @ 20:47:44 - abandoned_carts: Process completed.
06-24-2018 @ 12:49:16 - abandoned_carts: Process started for 1 items.
06-24-2018 @ 12:49:21 - abandoned_carts: Process completed.
06-24-2018 @ 23:10:16 - abandoned_carts: Process started for 1 items.
06-24-2018 @ 23:10:21 - abandoned_carts: Process completed.
06-25-2018 @ 09:53:39 - abandoned_carts: Process started for 1 items.
06-25-2018 @ 09:53:44 - abandoned_carts: Process completed.
06-25-2018 @ 10:23:48 - abandoned_carts: Process started for 1 items.
06-25-2018 @ 10:23:53 - abandoned_carts: Process completed.
06-25-2018 @ 11:22:16 - abandoned_carts: Process started for 1 items.
06-25-2018 @ 11:22:21 - abandoned_carts: Process completed.
06-25-2018 @ 11:36:17 - abandoned_carts: Process started for 1 items.
06-25-2018 @ 11:36:22 - abandoned_carts: Process completed.
06-25-2018 @ 11:42:16 - abandoned_carts: Process started for 1 items.
06-25-2018 @ 11:42:21 - abandoned_carts: Process completed.
06-25-2018 @ 15:53:39 - abandoned_carts: Process started for 1 items.
06-25-2018 @ 15:53:44 - abandoned_carts: Process completed.
06-25-2018 @ 16:48:16 - abandoned_carts: Process started for 1 items.
06-25-2018 @ 16:48:21 - abandoned_carts: Process completed.
06-25-2018 @ 17:54:16 - abandoned_carts: Process started for 1 items.
06-25-2018 @ 17:54:21 - abandoned_carts: Process completed.
06-26-2018 @ 09:36:17 - abandoned_carts: Process started for 1 items.
06-26-2018 @ 09:36:22 - abandoned_carts: Process completed.
06-26-2018 @ 12:12:22 - abandoned_carts: Process started for 1 items.
06-26-2018 @ 12:12:27 - abandoned_carts: Process completed.
06-27-2018 @ 11:42:16 - abandoned_carts: Process started for 1 items.
06-27-2018 @ 11:42:21 - abandoned_carts: Process completed.
06-27-2018 @ 12:53:45 - abandoned_carts: Process started for 1 items.
06-27-2018 @ 12:53:50 - abandoned_carts: Process completed.
06-27-2018 @ 13:18:16 - abandoned_carts: Process started for 1 items.
06-27-2018 @ 13:18:21 - abandoned_carts: Process completed.
06-27-2018 @ 16:03:16 - abandoned_carts: Process started for 1 items.
06-27-2018 @ 16:03:22 - abandoned_carts: Process completed.
06-28-2018 @ 12:25:16 - abandoned_carts: Process started for 1 items.
06-28-2018 @ 12:25:21 - abandoned_carts: Process completed.
06-28-2018 @ 16:30:16 - abandoned_carts: Process started for 1 items.
06-28-2018 @ 16:30:21 - abandoned_carts: Process completed.
